Using pre-set license
Built from '2021.3/release' branch; Version is '2021.3.27f1 (ca3ffb99bcc6) revision 13254651'; Using compiler version '192829333'; Build Type 'Release'
OS: 'Windows 11  (10.0.22621) 64bit Professional' Language: 'tr' Physical Memory: 16190 MB
BatchMode: 1, IsHumanControllingUs: 0, StartBugReporterOnCrash: 0, Is64bit: 1, IsPro: 1

COMMAND LINE ARGUMENTS:
C:\Program Files\Unity\Hub\Editor\2021.3.27f1\Editor\Unity.exe
-adb2
-batchMode
-noUpm
-name
AssetImportWorker5
-projectPath
C:/Users/birda/Documents/GitHub/ProjectLuppo
-logFile
Logs/AssetImportWorker5.log
-srvPort
50697
Successfully changed project path to: C:/Users/birda/Documents/GitHub/ProjectLuppo
C:/Users/birda/Documents/GitHub/ProjectLuppo
[UnityMemory] Configuration Parameters - Can be set up in boot.config
    "memorysetup-bucket-allocator-granularity=16"
    "memorysetup-bucket-allocator-bucket-count=8"
    "memorysetup-bucket-allocator-block-size=33554432"
    "memorysetup-bucket-allocator-block-count=8"
    "memorysetup-main-allocator-block-size=16777216"
    "memorysetup-thread-allocator-block-size=16777216"
    "memorysetup-gfx-main-allocator-block-size=16777216"
    "memorysetup-gfx-thread-allocator-block-size=16777216"
    "memorysetup-cache-allocator-block-size=4194304"
    "memorysetup-typetree-allocator-block-size=2097152"
    "memorysetup-profiler-bucket-allocator-granularity=16"
    "memorysetup-profiler-bucket-allocator-bucket-count=8"
    "memorysetup-profiler-bucket-allocator-block-size=33554432"
    "memorysetup-profiler-bucket-allocator-block-count=8"
    "memorysetup-profiler-allocator-block-size=16777216"
    "memorysetup-profiler-editor-allocator-block-size=1048576"
    "memorysetup-temp-allocator-size-main=16777216"
    "memorysetup-job-temp-allocator-block-size=2097152"
    "memorysetup-job-temp-allocator-block-size-background=1048576"
    "memorysetup-job-temp-allocator-reduction-small-platforms=262144"
    "memorysetup-temp-allocator-size-background-worker=32768"
    "memorysetup-temp-allocator-size-job-worker=262144"
    "memorysetup-temp-allocator-size-preload-manager=33554432"
    "memorysetup-temp-allocator-size-nav-mesh-worker=65536"
    "memorysetup-temp-allocator-size-audio-worker=65536"
    "memorysetup-temp-allocator-size-cloud-worker=32768"
    "memorysetup-temp-allocator-size-gi-baking-worker=262144"
    "memorysetup-temp-allocator-size-gfx=262144"
Player connection [37132] Host "[IP] 172.17.3.147 [Port] 0 [Flags] 2 [Guid] 3760078731 [EditorId] 3760078731 [Version] 1048832 [Id] WindowsEditor(7,JuniorLaptop) [Debug] 1 [PackageName] WindowsEditor [ProjectName] Editor" joined multi-casting on [225.0.0.222:54997]...

Player connection [37132] Host "[IP] 172.17.3.147 [Port] 0 [Flags] 2 [Guid] 3760078731 [EditorId] 3760078731 [Version] 1048832 [Id] WindowsEditor(7,JuniorLaptop) [Debug] 1 [PackageName] WindowsEditor [ProjectName] Editor" joined alternative multi-casting on [225.0.0.222:34997]...

Refreshing native plugins compatible for Editor in 266.51 ms, found 5 plugins.
Preloading 0 native plugins for Editor in 0.00 ms.
Initialize engine version: 2021.3.27f1 (ca3ffb99bcc6)
[Subsystems] Discovering subsystems at path C:/Program Files/Unity/Hub/Editor/2021.3.27f1/Editor/Data/Resources/UnitySubsystems
[Subsystems] Discovering subsystems at path C:/Users/birda/Documents/GitHub/ProjectLuppo/Assets
GfxDevice: creating device client; threaded=0; jobified=0
Direct3D:
    Version:  Direct3D 11.0 [level 11.1]
    Renderer: NVIDIA GeForce GTX 1650 (ID=0x1f91)
    Vendor:   NVIDIA
    VRAM:     3949 MB
    Driver:   31.0.15.3699
Initialize mono
Mono path[0] = 'C:/Program Files/Unity/Hub/Editor/2021.3.27f1/Editor/Data/Managed'
Mono path[1] = 'C:/Program Files/Unity/Hub/Editor/2021.3.27f1/Editor/Data/MonoBleedingEdge/lib/mono/unityjit-win32'
Mono config path = 'C:/Program Files/Unity/Hub/Editor/2021.3.27f1/Editor/Data/MonoBleedingEdge/etc'
Using monoOptions --debugger-agent=transport=dt_socket,embedding=1,server=y,suspend=n,address=127.0.0.1:56868
Begin MonoManager ReloadAssembly
Registering precompiled unity dll's ...
Register platform support module: C:/Program Files/Unity/Hub/Editor/2021.3.27f1/Editor/Data/PlaybackEngines/WindowsStandaloneSupport/UnityEditor.WindowsStandalone.Extensions.dll
Registered in 0.010259 seconds.
Native extension for WindowsStandalone target not found
Refreshing native plugins compatible for Editor in 249.88 ms, found 5 plugins.
Preloading 0 native plugins for Editor in 0.00 ms.
Mono: successfully reloaded assembly
- Completed reload, in  1.214 seconds
Domain Reload Profiling:
	ReloadAssembly (1215ms)
		BeginReloadAssembly (149ms)
			ExecutionOrderSort (0ms)
			DisableScriptedObjects (0ms)
			BackupInstance (0ms)
			ReleaseScriptingObjects (0ms)
			CreateAndSetChildDomain (1ms)
		EndReloadAssembly (885ms)
			LoadAssemblies (143ms)
			RebuildTransferFunctionScriptingTraits (0ms)
			SetupTypeCache (183ms)
			ReleaseScriptCaches (0ms)
			RebuildScriptCaches (52ms)
			SetupLoadedEditorAssemblies (553ms)
				LogAssemblyErrors (0ms)
				InitializePlatformSupportModulesInManaged (14ms)
				SetLoadedEditorAssemblies (0ms)
				RefreshPlugins (250ms)
				BeforeProcessingInitializeOnLoad (2ms)
				ProcessInitializeOnLoadAttributes (205ms)
				ProcessInitializeOnLoadMethodAttributes (82ms)
				AfterProcessingInitializeOnLoad (0ms)
				EditorAssembliesLoaded (0ms)
			ExecutionOrderSort2 (0ms)
			AwakeInstancesAfterBackupRestoration (0ms)
Platform modules already initialized, skipping
Registering precompiled user dll's ...
Registered in 0.016698 seconds.
Begin MonoManager ReloadAssembly
Symbol file LoadedFromMemory doesn't match image C:\Users\birda\Documents\GitHub\ProjectLuppo\Library\PackageCache\com.unity.visualscripting@1.8.0\Editor\VisualScripting.Core\Dependencies\YamlDotNet\Unity.VisualScripting.YamlDotNet.dll
Symbol file LoadedFromMemory doesn't match image C:\Users\birda\Documents\GitHub\ProjectLuppo\Library\PackageCache\com.unity.visualscripting@1.8.0\Editor\VisualScripting.Core\Dependencies\DotNetZip\Unity.VisualScripting.IonicZip.dll
Native extension for WindowsStandalone target not found
Refreshing native plugins compatible for Editor in 268.40 ms, found 5 plugins.
Preloading 0 native plugins for Editor in 0.00 ms.
Mono: successfully reloaded assembly
- Completed reload, in  2.735 seconds
Domain Reload Profiling:
	ReloadAssembly (2737ms)
		BeginReloadAssembly (328ms)
			ExecutionOrderSort (0ms)
			DisableScriptedObjects (11ms)
			BackupInstance (0ms)
			ReleaseScriptingObjects (0ms)
			CreateAndSetChildDomain (31ms)
		EndReloadAssembly (2207ms)
			LoadAssemblies (358ms)
			RebuildTransferFunctionScriptingTraits (0ms)
			SetupTypeCache (516ms)
			ReleaseScriptCaches (2ms)
			RebuildScriptCaches (139ms)
			SetupLoadedEditorAssemblies (1226ms)
				LogAssemblyErrors (0ms)
				InitializePlatformSupportModulesInManaged (8ms)
				SetLoadedEditorAssemblies (1ms)
				RefreshPlugins (269ms)
				BeforeProcessingInitializeOnLoad (229ms)
				ProcessInitializeOnLoadAttributes (544ms)
				ProcessInitializeOnLoadMethodAttributes (161ms)
				AfterProcessingInitializeOnLoad (16ms)
				EditorAssembliesLoaded (0ms)
			ExecutionOrderSort2 (0ms)
			AwakeInstancesAfterBackupRestoration (13ms)
Platform modules already initialized, skipping
========================================================================
Worker process is ready to serve import requests
Launched and connected shader compiler UnityShaderCompiler.exe after 0.14 seconds
Refreshing native plugins compatible for Editor in 4.26 ms, found 5 plugins.
Preloading 0 native plugins for Editor in 0.00 ms.
Unloading 6011 Unused Serialized files (Serialized files now loaded: 0)
Unloading 72 unused Assets / (7.2 MB). Loaded Objects now: 6463.
Memory consumption went from 285.2 MB to 278.0 MB.
Total: 11.285300 ms (FindLiveObjects: 0.597000 ms CreateObjectMapping: 0.567500 ms MarkObjects: 6.967400 ms  DeleteObjects: 3.152300 ms)

AssetImportParameters requested are different than current active one (requested -> active):
  custom:video-decoder-ogg-theora: a1e56fd34408186e4bbccfd4996cb3dc -> 
  custom:container-muxer-webm: aa71ff27fc2769a1b78a27578f13a17b -> 
  custom:container-demuxer-webm: 4f35f7cbe854078d1ac9338744f61a02 -> 
  custom:video-encoder-webm-vp8: eb34c28f22e8b96e1ab97ce403110664 -> 
  custom:audio-encoder-webm-vorbis: bf7c407c2cedff20999df2af8eb42d56 -> 
  custom:framework-win-MediaFoundation: 216162199b28c13a410421893ffa2e32 -> 
  custom:container-demuxer-ogg: 62fdf1f143b41e24485cea50d1cbac27 -> 
  custom:video-decoder-webm-vp8: 9c59270c3fd7afecdb556c50c9e8de78 -> 
  custom:audio-decoder-ogg-vorbis: bf7c407c2cedff20999df2af8eb42d56 -> 
========================================================================
Received Import Request.
  Time since last request: 125442.669648 seconds.
  path: Assets/Objects/Textures/sushisushi_Material.003_MaskMap.png
  artifactKey: Guid(44779504d7c13a042a9836ed5da38092) Importer(815301076,1909f56bfc062723c751e8b465ee728b)
Start importing Assets/Objects/Textures/sushisushi_Material.003_MaskMap.png using Guid(44779504d7c13a042a9836ed5da38092) Importer(815301076,1909f56bfc062723c751e8b465ee728b)  -> (artifact id: 'b367e2982b3a2d7713b1341b8af80e19') in 0.081697 seconds 
========================================================================
Received Import Request.
  Time since last request: 1.374959 seconds.
  path: Assets/Objects/Textures/sushisushi_Material.003_Normal.png
  artifactKey: Guid(ffde4553033f82449bae98f10341bb4d) Importer(815301076,1909f56bfc062723c751e8b465ee728b)
Start importing Assets/Objects/Textures/sushisushi_Material.003_Normal.png using Guid(ffde4553033f82449bae98f10341bb4d) Importer(815301076,1909f56bfc062723c751e8b465ee728b)  -> (artifact id: '9a6e6bd1092c625840d964f70db60475') in 0.028925 seconds 
========================================================================
Received Import Request.
  Time since last request: 0.057675 seconds.
  path: Assets/Objects/Textures/sushisushi_Material.003_Specular.png
  artifactKey: Guid(89e83216d37b62940b96bf43fa836bcd) Importer(815301076,1909f56bfc062723c751e8b465ee728b)
Start importing Assets/Objects/Textures/sushisushi_Material.003_Specular.png using Guid(89e83216d37b62940b96bf43fa836bcd) Importer(815301076,1909f56bfc062723c751e8b465ee728b)  -> (artifact id: 'b0dd97108c671734a878b483f0f0d493') in 0.008391 seconds 
========================================================================
Received Import Request.
  Time since last request: 0.294246 seconds.
  path: Assets/Textures/taburelp_Material.003_MaskMap.png
  artifactKey: Guid(23c0d30d84ccc7247a34dee7384c2c20) Importer(815301076,1909f56bfc062723c751e8b465ee728b)
Start importing Assets/Textures/taburelp_Material.003_MaskMap.png using Guid(23c0d30d84ccc7247a34dee7384c2c20) Importer(815301076,1909f56bfc062723c751e8b465ee728b)  -> (artifact id: '997daeb71089ac6fc533aee6dfa68af7') in 0.019878 seconds 
========================================================================
Received Import Request.
  Time since last request: 1.584456 seconds.
  path: Packages/com.unity.collab-proxy/Editor/PlasticSCM/Assets/Images/stepok.png
  artifactKey: Guid(d4780dc1205c7c7478c970d8c61d24e8) Importer(815301076,1909f56bfc062723c751e8b465ee728b)
Start importing Packages/com.unity.collab-proxy/Editor/PlasticSCM/Assets/Images/stepok.png using Guid(d4780dc1205c7c7478c970d8c61d24e8) Importer(815301076,1909f56bfc062723c751e8b465ee728b)  -> (artifact id: 'f823bce288fba2ce9c5d1f6ce6cd42dd') in 0.014309 seconds 
========================================================================
Received Import Request.
  Time since last request: 0.002596 seconds.
  path: Packages/com.unity.collab-proxy/Editor/PlasticSCM/Assets/Images/step3.png
  artifactKey: Guid(69899ed144c8eea4baea48b858b37746) Importer(815301076,1909f56bfc062723c751e8b465ee728b)
Start importing Packages/com.unity.collab-proxy/Editor/PlasticSCM/Assets/Images/step3.png using Guid(69899ed144c8eea4baea48b858b37746) Importer(815301076,1909f56bfc062723c751e8b465ee728b)  -> (artifact id: '28c7078bfe545984ea2a46b6c8e59680') in 0.005794 seconds 
========================================================================
Received Import Request.
  Time since last request: 0.046723 seconds.
  path: Packages/com.unity.collab-proxy/Editor/PlasticSCM/Assets/Images/step2.png
  artifactKey: Guid(cd0b17b71a5c498428ee91dee8a78a88) Importer(815301076,1909f56bfc062723c751e8b465ee728b)
Start importing Packages/com.unity.collab-proxy/Editor/PlasticSCM/Assets/Images/step2.png using Guid(cd0b17b71a5c498428ee91dee8a78a88) Importer(815301076,1909f56bfc062723c751e8b465ee728b)  -> (artifact id: 'd06a493be33d6b7977a328c2b912e407') in 0.005378 seconds 
========================================================================
Received Import Request.
  Time since last request: 0.235376 seconds.
  path: Packages/com.unity.collab-proxy/Editor/PlasticSCM/Assets/Images/step1.png
  artifactKey: Guid(9ce84ff0fdeb13d4a83f077d075dd9a5) Importer(815301076,1909f56bfc062723c751e8b465ee728b)
Start importing Packages/com.unity.collab-proxy/Editor/PlasticSCM/Assets/Images/step1.png using Guid(9ce84ff0fdeb13d4a83f077d075dd9a5) Importer(815301076,1909f56bfc062723c751e8b465ee728b)  -> (artifact id: 'c02854bc60f4ce772966160f346f6cce') in 0.004827 seconds 
========================================================================
Received Import Request.
  Time since last request: 0.020143 seconds.
  path: Packages/com.unity.2d.spriteshape/Editor/Handles/ss_playhead.png
  artifactKey: Guid(9ea72647c24be493ba6f15a9cd2a24ae) Importer(815301076,1909f56bfc062723c751e8b465ee728b)
Start importing Packages/com.unity.2d.spriteshape/Editor/Handles/ss_playhead.png using Guid(9ea72647c24be493ba6f15a9cd2a24ae) Importer(815301076,1909f56bfc062723c751e8b465ee728b)  -> (artifact id: '9112e45cf2a985ccfb3c3a7f4f36769b') in 0.005906 seconds 
========================================================================
Received Import Request.
  Time since last request: 0.093848 seconds.
  path: Assets/Temp/SrpeloTemp/SrpeloSad/srpeloamgri31.png
  artifactKey: Guid(2c3401b4c09e3bc4e88f007ab68ae3a6) Importer(815301076,1909f56bfc062723c751e8b465ee728b)
Start importing Assets/Temp/SrpeloTemp/SrpeloSad/srpeloamgri31.png using Guid(2c3401b4c09e3bc4e88f007ab68ae3a6) Importer(815301076,1909f56bfc062723c751e8b465ee728b)  -> (artifact id: 'c9ab4c10d04a23c7586ab734319a1934') in 0.009004 seconds 
========================================================================
Received Import Request.
  Time since last request: 6759.896399 seconds.
  path: Assets/R覺zaAnimation/sushiseaweedshapetest_Material.003_BaseMap.png
  artifactKey: Guid(ce01d191e84e3774eb5943c8457f4bf2) Importer(815301076,1909f56bfc062723c751e8b465ee728b)
Start importing Assets/R覺zaAnimation/sushiseaweedshapetest_Material.003_BaseMap.png using Guid(ce01d191e84e3774eb5943c8457f4bf2) Importer(815301076,1909f56bfc062723c751e8b465ee728b)  -> (artifact id: '8192e07f458a4a7a9ed2d17fa38e478b') in 0.568584 seconds 
========================================================================
Received Import Request.
  Time since last request: 23.388962 seconds.
  path: Assets/R覺zaAnimation/Material.005.mat
  artifactKey: Guid(ae9a72db6ad26df4395f03514bf26a99) Importer(815301076,1909f56bfc062723c751e8b465ee728b)
Start importing Assets/R覺zaAnimation/Material.005.mat using Guid(ae9a72db6ad26df4395f03514bf26a99) Importer(815301076,1909f56bfc062723c751e8b465ee728b)  -> (artifact id: '3bdd434c673a0083f8816b6fcb73193c') in 0.522265 seconds 
