Using pre-set license
Built from '2021.3/release' branch; Version is '2021.3.27f1 (ca3ffb99bcc6) revision 13254651'; Using compiler version '192829333'; Build Type 'Release'
OS: 'Windows 11  (10.0.22621) 64bit Professional' Language: 'tr' Physical Memory: 16190 MB
BatchMode: 1, IsHumanControllingUs: 0, StartBugReporterOnCrash: 0, Is64bit: 1, IsPro: 1

COMMAND LINE ARGUMENTS:
C:\Program Files\Unity\Hub\Editor\2021.3.27f1\Editor\Unity.exe
-adb2
-batchMode
-noUpm
-name
AssetImportWorker1
-projectPath
C:/Users/birda/Documents/GitHub/ProjectLuppo
-logFile
Logs/AssetImportWorker1.log
-srvPort
50697
Successfully changed project path to: C:/Users/birda/Documents/GitHub/ProjectLuppo
C:/Users/birda/Documents/GitHub/ProjectLuppo
[UnityMemory] Configuration Parameters - Can be set up in boot.config
    "memorysetup-bucket-allocator-granularity=16"
    "memorysetup-bucket-allocator-bucket-count=8"
    "memorysetup-bucket-allocator-block-size=33554432"
    "memorysetup-bucket-allocator-block-count=8"
    "memorysetup-main-allocator-block-size=16777216"
    "memorysetup-thread-allocator-block-size=16777216"
    "memorysetup-gfx-main-allocator-block-size=16777216"
    "memorysetup-gfx-thread-allocator-block-size=16777216"
    "memorysetup-cache-allocator-block-size=4194304"
    "memorysetup-typetree-allocator-block-size=2097152"
    "memorysetup-profiler-bucket-allocator-granularity=16"
    "memorysetup-profiler-bucket-allocator-bucket-count=8"
    "memorysetup-profiler-bucket-allocator-block-size=33554432"
    "memorysetup-profiler-bucket-allocator-block-count=8"
    "memorysetup-profiler-allocator-block-size=16777216"
    "memorysetup-profiler-editor-allocator-block-size=1048576"
    "memorysetup-temp-allocator-size-main=16777216"
    "memorysetup-job-temp-allocator-block-size=2097152"
    "memorysetup-job-temp-allocator-block-size-background=1048576"
    "memorysetup-job-temp-allocator-reduction-small-platforms=262144"
    "memorysetup-temp-allocator-size-background-worker=32768"
    "memorysetup-temp-allocator-size-job-worker=262144"
    "memorysetup-temp-allocator-size-preload-manager=33554432"
    "memorysetup-temp-allocator-size-nav-mesh-worker=65536"
    "memorysetup-temp-allocator-size-audio-worker=65536"
    "memorysetup-temp-allocator-size-cloud-worker=32768"
    "memorysetup-temp-allocator-size-gi-baking-worker=262144"
    "memorysetup-temp-allocator-size-gfx=262144"
Player connection [23544] Host "[IP] 169.254.228.172 [Port] 0 [Flags] 2 [Guid] 2729501668 [EditorId] 2729501668 [Version] 1048832 [Id] WindowsEditor(7,JuniorLaptop) [Debug] 1 [PackageName] WindowsEditor [ProjectName] Editor" joined multi-casting on [225.0.0.222:54997]...

Player connection [23544] Host "[IP] 169.254.228.172 [Port] 0 [Flags] 2 [Guid] 2729501668 [EditorId] 2729501668 [Version] 1048832 [Id] WindowsEditor(7,JuniorLaptop) [Debug] 1 [PackageName] WindowsEditor [ProjectName] Editor" joined alternative multi-casting on [225.0.0.222:34997]...

Refreshing native plugins compatible for Editor in 274.67 ms, found 5 plugins.
Preloading 0 native plugins for Editor in 0.00 ms.
Initialize engine version: 2021.3.27f1 (ca3ffb99bcc6)
[Subsystems] Discovering subsystems at path C:/Program Files/Unity/Hub/Editor/2021.3.27f1/Editor/Data/Resources/UnitySubsystems
[Subsystems] Discovering subsystems at path C:/Users/birda/Documents/GitHub/ProjectLuppo/Assets
GfxDevice: creating device client; threaded=0; jobified=0
Direct3D:
    Version:  Direct3D 11.0 [level 11.1]
    Renderer: NVIDIA GeForce GTX 1650 (ID=0x1f91)
    Vendor:   NVIDIA
    VRAM:     3949 MB
    Driver:   31.0.15.3699
Initialize mono
Mono path[0] = 'C:/Program Files/Unity/Hub/Editor/2021.3.27f1/Editor/Data/Managed'
Mono path[1] = 'C:/Program Files/Unity/Hub/Editor/2021.3.27f1/Editor/Data/MonoBleedingEdge/lib/mono/unityjit-win32'
Mono config path = 'C:/Program Files/Unity/Hub/Editor/2021.3.27f1/Editor/Data/MonoBleedingEdge/etc'
Using monoOptions --debugger-agent=transport=dt_socket,embedding=1,server=y,suspend=n,address=127.0.0.1:56964
Begin MonoManager ReloadAssembly
Registering precompiled unity dll's ...
Register platform support module: C:/Program Files/Unity/Hub/Editor/2021.3.27f1/Editor/Data/PlaybackEngines/WindowsStandaloneSupport/UnityEditor.WindowsStandalone.Extensions.dll
Registered in 0.009931 seconds.
Native extension for WindowsStandalone target not found
Refreshing native plugins compatible for Editor in 292.56 ms, found 5 plugins.
Preloading 0 native plugins for Editor in 0.00 ms.
Mono: successfully reloaded assembly
- Completed reload, in  1.315 seconds
Domain Reload Profiling:
	ReloadAssembly (1316ms)
		BeginReloadAssembly (154ms)
			ExecutionOrderSort (0ms)
			DisableScriptedObjects (0ms)
			BackupInstance (0ms)
			ReleaseScriptingObjects (0ms)
			CreateAndSetChildDomain (1ms)
		EndReloadAssembly (982ms)
			LoadAssemblies (149ms)
			RebuildTransferFunctionScriptingTraits (0ms)
			SetupTypeCache (189ms)
			ReleaseScriptCaches (0ms)
			RebuildScriptCaches (60ms)
			SetupLoadedEditorAssemblies (636ms)
				LogAssemblyErrors (0ms)
				InitializePlatformSupportModulesInManaged (16ms)
				SetLoadedEditorAssemblies (0ms)
				RefreshPlugins (293ms)
				BeforeProcessingInitializeOnLoad (3ms)
				ProcessInitializeOnLoadAttributes (234ms)
				ProcessInitializeOnLoadMethodAttributes (90ms)
				AfterProcessingInitializeOnLoad (0ms)
				EditorAssembliesLoaded (0ms)
			ExecutionOrderSort2 (0ms)
			AwakeInstancesAfterBackupRestoration (0ms)
Platform modules already initialized, skipping
Registering precompiled user dll's ...
Registered in 0.015533 seconds.
Begin MonoManager ReloadAssembly
Symbol file LoadedFromMemory doesn't match image C:\Users\birda\Documents\GitHub\ProjectLuppo\Library\PackageCache\com.unity.visualscripting@1.8.0\Editor\VisualScripting.Core\Dependencies\YamlDotNet\Unity.VisualScripting.YamlDotNet.dll
Symbol file LoadedFromMemory doesn't match image C:\Users\birda\Documents\GitHub\ProjectLuppo\Library\PackageCache\com.unity.visualscripting@1.8.0\Editor\VisualScripting.Core\Dependencies\DotNetZip\Unity.VisualScripting.IonicZip.dll
Native extension for WindowsStandalone target not found
Refreshing native plugins compatible for Editor in 284.19 ms, found 5 plugins.
Preloading 0 native plugins for Editor in 0.00 ms.
Mono: successfully reloaded assembly
- Completed reload, in  2.903 seconds
Domain Reload Profiling:
	ReloadAssembly (2904ms)
		BeginReloadAssembly (215ms)
			ExecutionOrderSort (0ms)
			DisableScriptedObjects (12ms)
			BackupInstance (0ms)
			ReleaseScriptingObjects (0ms)
			CreateAndSetChildDomain (31ms)
		EndReloadAssembly (2446ms)
			LoadAssemblies (264ms)
			RebuildTransferFunctionScriptingTraits (0ms)
			SetupTypeCache (563ms)
			ReleaseScriptCaches (2ms)
			RebuildScriptCaches (156ms)
			SetupLoadedEditorAssemblies (1367ms)
				LogAssemblyErrors (0ms)
				InitializePlatformSupportModulesInManaged (7ms)
				SetLoadedEditorAssemblies (1ms)
				RefreshPlugins (284ms)
				BeforeProcessingInitializeOnLoad (241ms)
				ProcessInitializeOnLoadAttributes (649ms)
				ProcessInitializeOnLoadMethodAttributes (164ms)
				AfterProcessingInitializeOnLoad (19ms)
				EditorAssembliesLoaded (0ms)
			ExecutionOrderSort2 (0ms)
			AwakeInstancesAfterBackupRestoration (13ms)
Platform modules already initialized, skipping
========================================================================
Worker process is ready to serve import requests
Launched and connected shader compiler UnityShaderCompiler.exe after 0.13 seconds
Refreshing native plugins compatible for Editor in 3.08 ms, found 5 plugins.
Preloading 0 native plugins for Editor in 0.00 ms.
Unloading 6011 Unused Serialized files (Serialized files now loaded: 0)
Unloading 72 unused Assets / (7.2 MB). Loaded Objects now: 6463.
Memory consumption went from 285.1 MB to 277.9 MB.
Total: 20.793700 ms (FindLiveObjects: 0.999300 ms CreateObjectMapping: 1.347300 ms MarkObjects: 13.550300 ms  DeleteObjects: 4.894900 ms)

AssetImportParameters requested are different than current active one (requested -> active):
  custom:video-decoder-ogg-theora: a1e56fd34408186e4bbccfd4996cb3dc -> 
  custom:container-muxer-webm: aa71ff27fc2769a1b78a27578f13a17b -> 
  custom:container-demuxer-webm: 4f35f7cbe854078d1ac9338744f61a02 -> 
  custom:video-encoder-webm-vp8: eb34c28f22e8b96e1ab97ce403110664 -> 
  custom:audio-encoder-webm-vorbis: bf7c407c2cedff20999df2af8eb42d56 -> 
  custom:framework-win-MediaFoundation: 216162199b28c13a410421893ffa2e32 -> 
  custom:container-demuxer-ogg: 62fdf1f143b41e24485cea50d1cbac27 -> 
  custom:video-decoder-webm-vp8: 9c59270c3fd7afecdb556c50c9e8de78 -> 
  custom:audio-decoder-ogg-vorbis: bf7c407c2cedff20999df2af8eb42d56 -> 
========================================================================
Received Import Request.
  Time since last request: 121553.802885 seconds.
  path: Assets/RızaAnimation
  artifactKey: Guid(8c22410d33befc8439247fcf91dac52f) Importer(815301076,1909f56bfc062723c751e8b465ee728b)
Start importing Assets/RızaAnimation using Guid(8c22410d33befc8439247fcf91dac52f) Importer(815301076,1909f56bfc062723c751e8b465ee728b)  -> (artifact id: 'df55e54819469f1a6c995fa269e71b11') in 0.023536 seconds 
========================================================================
Received Import Request.
  Time since last request: 35.393624 seconds.
  path: Assets/RızaAnimation/seaweed_DefaultMaterial_MaskMap.png
  artifactKey: Guid(0ec6f3308ace4864aa8bf12b28c53848) Importer(815301076,1909f56bfc062723c751e8b465ee728b)
Start importing Assets/RızaAnimation/seaweed_DefaultMaterial_MaskMap.png using Guid(0ec6f3308ace4864aa8bf12b28c53848) Importer(815301076,1909f56bfc062723c751e8b465ee728b)  -> (artifact id: '5dfcba1b9e61d95718afc589afd1c408') in 0.116009 seconds 
========================================================================
Received Import Request.
  Time since last request: 0.000045 seconds.
  path: Assets/RızaAnimation/seaweed_DefaultMaterial_Normal.png
  artifactKey: Guid(a14030be80316064bb7bf829cf7e48a5) Importer(815301076,1909f56bfc062723c751e8b465ee728b)
Start importing Assets/RızaAnimation/seaweed_DefaultMaterial_Normal.png using Guid(a14030be80316064bb7bf829cf7e48a5) Importer(815301076,1909f56bfc062723c751e8b465ee728b)  -> (artifact id: '1249d9af6d2586845f4a092839bde560') in 0.006437 seconds 
========================================================================
Received Prepare
Registering precompiled user dll's ...
Registered in 0.017234 seconds.
Begin MonoManager ReloadAssembly
Symbol file LoadedFromMemory doesn't match image C:\Users\birda\Documents\GitHub\ProjectLuppo\Library\PackageCache\com.unity.visualscripting@1.8.0\Editor\VisualScripting.Core\Dependencies\YamlDotNet\Unity.VisualScripting.YamlDotNet.dll
Symbol file LoadedFromMemory doesn't match image C:\Users\birda\Documents\GitHub\ProjectLuppo\Library\PackageCache\com.unity.visualscripting@1.8.0\Editor\VisualScripting.Core\Dependencies\DotNetZip\Unity.VisualScripting.IonicZip.dll
Native extension for WindowsStandalone target not found
Refreshing native plugins compatible for Editor in 1.53 ms, found 5 plugins.
Preloading 0 native plugins for Editor in 0.00 ms.
Mono: successfully reloaded assembly
- Completed reload, in  2.336 seconds
Domain Reload Profiling:
	ReloadAssembly (2337ms)
		BeginReloadAssembly (272ms)
			ExecutionOrderSort (0ms)
			DisableScriptedObjects (15ms)
			BackupInstance (0ms)
			ReleaseScriptingObjects (0ms)
			CreateAndSetChildDomain (67ms)
		EndReloadAssembly (1853ms)
			LoadAssemblies (205ms)
			RebuildTransferFunctionScriptingTraits (0ms)
			SetupTypeCache (534ms)
			ReleaseScriptCaches (3ms)
			RebuildScriptCaches (115ms)
			SetupLoadedEditorAssemblies (876ms)
				LogAssemblyErrors (0ms)
				InitializePlatformSupportModulesInManaged (10ms)
				SetLoadedEditorAssemblies (1ms)
				RefreshPlugins (2ms)
				BeforeProcessingInitializeOnLoad (183ms)
				ProcessInitializeOnLoadAttributes (487ms)
				ProcessInitializeOnLoadMethodAttributes (175ms)
				AfterProcessingInitializeOnLoad (18ms)
				EditorAssembliesLoaded (0ms)
			ExecutionOrderSort2 (0ms)
			AwakeInstancesAfterBackupRestoration (39ms)
Platform modules already initialized, skipping
Refreshing native plugins compatible for Editor in 6.94 ms, found 5 plugins.
Preloading 0 native plugins for Editor in 0.00 ms.
Unloading 5787 Unused Serialized files (Serialized files now loaded: 0)
Unloading 47 unused Assets / (7.2 MB). Loaded Objects now: 6479.
Memory consumption went from 264.9 MB to 257.7 MB.
Total: 65.785100 ms (FindLiveObjects: 0.698100 ms CreateObjectMapping: 0.540100 ms MarkObjects: 60.994800 ms  DeleteObjects: 3.550300 ms)

AssetImportParameters requested are different than current active one (requested -> active):
  custom:video-decoder-ogg-theora: a1e56fd34408186e4bbccfd4996cb3dc -> 
  custom:container-muxer-webm: aa71ff27fc2769a1b78a27578f13a17b -> 
  custom:container-demuxer-webm: 4f35f7cbe854078d1ac9338744f61a02 -> 
  custom:video-encoder-webm-vp8: eb34c28f22e8b96e1ab97ce403110664 -> 
  custom:audio-encoder-webm-vorbis: bf7c407c2cedff20999df2af8eb42d56 -> 
  custom:framework-win-MediaFoundation: 216162199b28c13a410421893ffa2e32 -> 
  custom:container-demuxer-ogg: 62fdf1f143b41e24485cea50d1cbac27 -> 
  custom:video-decoder-webm-vp8: 9c59270c3fd7afecdb556c50c9e8de78 -> 
  custom:audio-decoder-ogg-vorbis: bf7c407c2cedff20999df2af8eb42d56 -> 
========================================================================
Received Import Request.
  Time since last request: 2014.700537 seconds.
  path: Assets/Plugins/RootMotion/PuppetMaster/_DEMOS/Assets/Characters/Cowboy/CowboyAnimationTarget.FBX
  artifactKey: Guid(a269b909502ca4e6b8a2c30ae159e60e) Importer(815301076,1909f56bfc062723c751e8b465ee728b)
Start importing Assets/Plugins/RootMotion/PuppetMaster/_DEMOS/Assets/Characters/Cowboy/CowboyAnimationTarget.FBX using Guid(a269b909502ca4e6b8a2c30ae159e60e) Importer(815301076,1909f56bfc062723c751e8b465ee728b)  -> (artifact id: 'c1e4c0a181febdb81406d5bde2ba5975') in 0.065518 seconds 
========================================================================
Received Import Request.
  Time since last request: 2.054598 seconds.
  path: Assets/Plugins/RootMotion/Shared Demo Assets/Humanoid Animations/Die Backwards.fbx
  artifactKey: Guid(64e6dc075aba046e1a89981cc7cc1868) Importer(815301076,1909f56bfc062723c751e8b465ee728b)
Start importing Assets/Plugins/RootMotion/Shared Demo Assets/Humanoid Animations/Die Backwards.fbx using Guid(64e6dc075aba046e1a89981cc7cc1868) Importer(815301076,1909f56bfc062723c751e8b465ee728b)  -> (artifact id: '79b670b554783f6910a28194550beae0') in 0.030914 seconds 
========================================================================
Received Import Request.
  Time since last request: 0.000037 seconds.
  path: Assets/Plugins/RootMotion/Shared Demo Assets/Humanoid Animations/Idles.fbx
  artifactKey: Guid(d556ab52e17604958b19876c5f242758) Importer(815301076,1909f56bfc062723c751e8b465ee728b)
Start importing Assets/Plugins/RootMotion/Shared Demo Assets/Humanoid Animations/Idles.fbx using Guid(d556ab52e17604958b19876c5f242758) Importer(815301076,1909f56bfc062723c751e8b465ee728b)  -> (artifact id: '710e990d6510aa4f65cf826aa5745c05') in 0.133232 seconds 
========================================================================
Received Import Request.
  Time since last request: 89.203557 seconds.
  path: Assets/Quibli/Demos/Mugs/Mugs-Materials/Material_Mug_1.mat
  artifactKey: Guid(b7b85b03c013a4225ab74130ed657a05) Importer(815301076,1909f56bfc062723c751e8b465ee728b)
Start importing Assets/Quibli/Demos/Mugs/Mugs-Materials/Material_Mug_1.mat using Guid(b7b85b03c013a4225ab74130ed657a05) Importer(815301076,1909f56bfc062723c751e8b465ee728b)  -> (artifact id: 'b4d9f93b06cf449224a76b5193dcd7b0') in 0.011787 seconds 
========================================================================
Received Import Request.
  Time since last request: 2.033488 seconds.
  path: Assets/Quibli/Demos/Mugs/Mugs-Materials/Material_Mug_3.mat
  artifactKey: Guid(122564ff4e9ca48e2b7139c2eafa0507) Importer(815301076,1909f56bfc062723c751e8b465ee728b)
Start importing Assets/Quibli/Demos/Mugs/Mugs-Materials/Material_Mug_3.mat using Guid(122564ff4e9ca48e2b7139c2eafa0507) Importer(815301076,1909f56bfc062723c751e8b465ee728b)  -> (artifact id: '4c3e3b929f24650fa7f7d5b035ed7f9a') in 0.004794 seconds 
========================================================================
Received Import Request.
  Time since last request: 0.000027 seconds.
  path: Assets/Quibli/Demos/Mugs/Mugs-Materials/Material_Mug_13.mat
  artifactKey: Guid(aa1f03778c7ed4c23890a25d1b5b0265) Importer(815301076,1909f56bfc062723c751e8b465ee728b)
Start importing Assets/Quibli/Demos/Mugs/Mugs-Materials/Material_Mug_13.mat using Guid(aa1f03778c7ed4c23890a25d1b5b0265) Importer(815301076,1909f56bfc062723c751e8b465ee728b)  -> (artifact id: '9dc5c85d16e0086c36493be1a0854959') in 0.006523 seconds 
========================================================================
Received Import Request.
  Time since last request: 0.000035 seconds.
  path: Assets/Quibli/Demos/Mugs/Mugs-Materials/Material_Mug_14.mat
  artifactKey: Guid(38b800a01a8134676906bf9358b589d0) Importer(815301076,1909f56bfc062723c751e8b465ee728b)
Start importing Assets/Quibli/Demos/Mugs/Mugs-Materials/Material_Mug_14.mat using Guid(38b800a01a8134676906bf9358b589d0) Importer(815301076,1909f56bfc062723c751e8b465ee728b)  -> (artifact id: 'ddf2e13cd51d3fbd78749a3d7bc14c8d') in 0.005494 seconds 
========================================================================
Received Import Request.
  Time since last request: 0.000028 seconds.
  path: Assets/Quibli/Demos/Mugs/Mugs-Materials/Material_Mug_5.mat
  artifactKey: Guid(534b4e99fc5834a72ac900aa38f71fb1) Importer(815301076,1909f56bfc062723c751e8b465ee728b)
Start importing Assets/Quibli/Demos/Mugs/Mugs-Materials/Material_Mug_5.mat using Guid(534b4e99fc5834a72ac900aa38f71fb1) Importer(815301076,1909f56bfc062723c751e8b465ee728b)  -> (artifact id: 'a48ab69c5c85c0ebef490f91725dbbf5') in 0.005721 seconds 
========================================================================
Received Import Request.
  Time since last request: 0.000036 seconds.
  path: Assets/Quibli/Demos/Mugs/Mugs-Materials/Material_Mug_8.mat
  artifactKey: Guid(c0c3edd540b2047a1ae3db6315cd6ecf) Importer(815301076,1909f56bfc062723c751e8b465ee728b)
Start importing Assets/Quibli/Demos/Mugs/Mugs-Materials/Material_Mug_8.mat using Guid(c0c3edd540b2047a1ae3db6315cd6ecf) Importer(815301076,1909f56bfc062723c751e8b465ee728b)  -> (artifact id: '1ec076d2708f5802d9f45564526c7dc0') in 0.004671 seconds 
========================================================================
Received Import Request.
  Time since last request: 0.000025 seconds.
  path: Assets/Quibli/Demos/Mugs/Mugs-Materials/Material_Mug_12.mat
  artifactKey: Guid(9ab8d03ba060f4194a00a9a322fe766b) Importer(815301076,1909f56bfc062723c751e8b465ee728b)
Start importing Assets/Quibli/Demos/Mugs/Mugs-Materials/Material_Mug_12.mat using Guid(9ab8d03ba060f4194a00a9a322fe766b) Importer(815301076,1909f56bfc062723c751e8b465ee728b)  -> (artifact id: '37cb7c544780eb733e234898cae24454') in 0.005625 seconds 
========================================================================
Received Import Request.
  Time since last request: 0.000024 seconds.
  path: Assets/Quibli/Demos/Mugs/Mugs-Materials/Material_Mug_4.mat
  artifactKey: Guid(5892fa74d6f1442e28da0173f4ee0651) Importer(815301076,1909f56bfc062723c751e8b465ee728b)
Start importing Assets/Quibli/Demos/Mugs/Mugs-Materials/Material_Mug_4.mat using Guid(5892fa74d6f1442e28da0173f4ee0651) Importer(815301076,1909f56bfc062723c751e8b465ee728b)  -> (artifact id: 'f27a9fd4cdcf6755e04325d4b1132ca8') in 0.004900 seconds 
========================================================================
Received Import Request.
  Time since last request: 0.000029 seconds.
  path: Assets/Quibli/Demos/Mugs/Mugs-Materials/Material_Mug_10.mat
  artifactKey: Guid(dcc4654949aed4775865d1b31e55dfdf) Importer(815301076,1909f56bfc062723c751e8b465ee728b)
Start importing Assets/Quibli/Demos/Mugs/Mugs-Materials/Material_Mug_10.mat using Guid(dcc4654949aed4775865d1b31e55dfdf) Importer(815301076,1909f56bfc062723c751e8b465ee728b)  -> (artifact id: 'e7f76c0631804c366a0375c373fedebf') in 0.004847 seconds 
Editor requested this worker to shutdown with reason: Scaling down because of idle timeout
AssetImportWorker is now disconnected from the server
Process exiting
Exiting without the bug reporter. Application will terminate with return code 0